0 info it worked if it ends with ok
1 verbose cli [ 'node', '/usr/local/bin/npm', 'install', '-g', 'spm-install' ]
2 info using npm@1.3.14
3 info using node@v0.10.22
4 verbose cache add [ 'spm-install', null ]
5 verbose cache add name=undefined spec="spm-install" args=["spm-install",null]
6 verbose parsed url { protocol: null,
6 verbose parsed url   slashes: null,
6 verbose parsed url   auth: null,
6 verbose parsed url   host: null,
6 verbose parsed url   port: null,
6 verbose parsed url   hostname: null,
6 verbose parsed url   hash: null,
6 verbose parsed url   search: null,
6 verbose parsed url   query: null,
6 verbose parsed url   pathname: 'spm-install',
6 verbose parsed url   path: 'spm-install',
6 verbose parsed url   href: 'spm-install' }
7 silly lockFile 1cc9faf7-spm-install spm-install
8 verbose lock spm-install /Users/alex/.npm/1cc9faf7-spm-install.lock
9 silly lockFile 1cc9faf7-spm-install spm-install
10 silly lockFile 1cc9faf7-spm-install spm-install
11 verbose addNamed [ 'spm-install', '' ]
12 verbose addNamed [ null, '*' ]
13 silly lockFile 12cbac68-spm-install spm-install@
14 verbose lock spm-install@ /Users/alex/.npm/12cbac68-spm-install.lock
15 silly addNameRange { name: 'spm-install', range: '*', hasData: false }
16 verbose url raw spm-install
17 verbose url resolving [ 'http://npm.tuna.tsinghua.edu.cn/registry/', './spm-install' ]
18 verbose url resolved http://npm.tuna.tsinghua.edu.cn/registry/spm-install
19 info trying registry request attempt 1 at 23:13:27
20 http GET http://npm.tuna.tsinghua.edu.cn/registry/spm-install
21 http 404 http://npm.tuna.tsinghua.edu.cn/registry/spm-install
22 silly registry.get cb [ 404,
22 silly registry.get   { server: 'nginx/1.2.1',
22 silly registry.get     date: 'Tue, 10 Dec 2013 15:14:10 GMT',
22 silly registry.get     'content-type': 'application/json',
22 silly registry.get     'content-length': '42',
22 silly registry.get     connection: 'keep-alive',
22 silly registry.get     vary: 'Accept',
22 silly registry.get     etag: '"EO9EFYV8LHWM2L1FXC7EPIPFF"' } ]
23 silly lockFile 12cbac68-spm-install spm-install@
24 silly lockFile 12cbac68-spm-install spm-install@
25 error Error: version not found: spm-install : registry/spm-install
25 error     at RegClient.<anonymous> (/usr/local/lib/node_modules/npm/node_modules/npm-registry-client/lib/request.js:272:14)
25 error     at Request.self.callback (/usr/local/lib/node_modules/npm/node_modules/request/request.js:129:22)
25 error     at Request.EventEmitter.emit (events.js:98:17)
25 error     at Request.<anonymous> (/usr/local/lib/node_modules/npm/node_modules/request/request.js:873:14)
25 error     at Request.EventEmitter.emit (events.js:117:20)
25 error     at IncomingMessage.<anonymous> (/usr/local/lib/node_modules/npm/node_modules/request/request.js:824:12)
25 error     at IncomingMessage.EventEmitter.emit (events.js:117:20)
25 error     at _stream_readable.js:920:16
25 error     at process._tickCallback (node.js:415:13)
26 error If you need help, you may report this log at:
26 error     <http://github.com/isaacs/npm/issues>
26 error or email it to:
26 error     <npm-@googlegroups.com>
27 error System Darwin 12.3.0
28 error command "node" "/usr/local/bin/npm" "install" "-g" "spm-install"
29 error cwd /Users/alex/Dropbox/douRadio/src/popup
30 error node -v v0.10.22
31 error npm -v 1.3.14
32 verbose exit [ 1, true ]
